<?xml version="1.0" encoding="UTF-8"?>
<coverage generated="1512044426">
  <project timestamp="1512044426">
    <package name="Silverback\CommonJsBundle\DependencyInjection">
      <file name="/Volumes/LaCie/GitHub/_Bundles/common-js-bundle/DependencyInjection/Configuration.php">
        <class name="Configuration" namespace="Silverback\CommonJsBundle\DependencyInjection">
          <metrics complexity="8" methods="8" coveredmethods="8" conditionals="0" coveredconditionals="0" statements="55" coveredstatements="55" elements="63" coveredelements="63"/>
        </class>
        <line num="18" type="method" name="__construct" visibility="public" complexity="1" crap="1" count="6"/>
        <line num="22" type="stmt" count="6"/>
        <line num="23" type="stmt" count="6"/>
        <line num="25" type="method" name="getConfigTreeBuilder" visibility="public" complexity="1" crap="1" count="6"/>
        <line num="27" type="stmt" count="6"/>
        <line num="28" type="stmt" count="6"/>
        <line num="30" type="stmt" count="6"/>
        <line num="32" type="stmt" count="6"/>
        <line num="33" type="stmt" count="6"/>
        <line num="34" type="stmt" count="6"/>
        <line num="35" type="stmt" count="6"/>
        <line num="37" type="stmt" count="6"/>
        <line num="38" type="stmt" count="6"/>
        <line num="41" type="method" name="addGoogleAnalytics" visibility="private" complexity="1" crap="1" count="6"/>
        <line num="43" type="stmt" count="6"/>
        <line num="45" type="stmt" count="6"/>
        <line num="46" type="stmt" count="6"/>
        <line num="47" type="stmt" count="6"/>
        <line num="48" type="stmt" count="6"/>
        <line num="50" type="stmt" count="6"/>
        <line num="51" type="stmt" count="6"/>
        <line num="53" type="method" name="addFacebookSdk" visibility="private" complexity="1" crap="1" count="6"/>
        <line num="55" type="stmt" count="6"/>
        <line num="57" type="stmt" count="6"/>
        <line num="58" type="stmt" count="6"/>
        <line num="59" type="stmt" count="6"/>
        <line num="60" type="stmt" count="6"/>
        <line num="61" type="stmt" count="6"/>
        <line num="62" type="stmt" count="6"/>
        <line num="64" type="stmt" count="6"/>
        <line num="65" type="stmt" count="6"/>
        <line num="67" type="method" name="addGtm" visibility="private" complexity="1" crap="1" count="6"/>
        <line num="69" type="stmt" count="6"/>
        <line num="71" type="stmt" count="6"/>
        <line num="72" type="stmt" count="6"/>
        <line num="73" type="stmt" count="6"/>
        <line num="75" type="stmt" count="6"/>
        <line num="76" type="stmt" count="6"/>
        <line num="78" type="method" name="addTwitter" visibility="private" complexity="1" crap="1" count="6"/>
        <line num="80" type="stmt" count="6"/>
        <line num="82" type="stmt" count="6"/>
        <line num="83" type="stmt" count="6"/>
        <line num="85" type="stmt" count="6"/>
        <line num="86" type="stmt" count="6"/>
        <line num="88" type="method" name="addSDKNode" visibility="private" complexity="1" crap="1" count="6"/>
        <line num="91" type="stmt" count="6"/>
        <line num="92" type="stmt" count="6"/>
        <line num="93" type="stmt" count="6"/>
        <line num="94" type="stmt" count="6"/>
        <line num="95" type="stmt" count="6"/>
        <line num="96" type="stmt" count="6"/>
        <line num="97" type="stmt" count="6"/>
        <line num="98" type="stmt" count="6"/>
        <line num="99" type="stmt" count="6"/>
        <line num="100" type="stmt" count="6"/>
        <line num="101" type="stmt" count="6"/>
        <line num="102" type="stmt" count="6"/>
        <line num="103" type="stmt" count="6"/>
        <line num="104" type="stmt" count="6"/>
        <line num="108" type="method" name="endSdkNode" visibility="private" complexity="1" crap="1" count="6"/>
        <line num="110" type="stmt" count="6"/>
        <line num="111" type="stmt" count="6"/>
        <line num="112" type="stmt" count="6"/>
        <metrics loc="115" ncloc="112" classes="1" methods="8" coveredmethods="8" conditionals="0" coveredconditionals="0" statements="55" coveredstatements="55" elements="63" coveredelements="63"/>
      </file>
      <file name="/Volumes/LaCie/GitHub/_Bundles/common-js-bundle/DependencyInjection/SilverbackCommonJsExtension.php">
        <class name="SilverbackCommonJsExtension" namespace="Silverback\CommonJsBundle\DependencyInjection">
          <metrics complexity="9" methods="4" coveredmethods="4" conditionals="0" coveredconditionals="0" statements="30" coveredstatements="30" elements="34" coveredelements="34"/>
        </class>
        <line num="16" type="method" name="load" visibility="public" complexity="1" crap="1" count="6"/>
        <line num="18" type="stmt" count="6"/>
        <line num="19" type="stmt" count="6"/>
        <line num="20" type="stmt" count="6"/>
        <line num="22" type="method" name="loadServiceConfig" visibility="private" complexity="1" crap="1" count="6"/>
        <line num="24" type="stmt" count="6"/>
        <line num="25" type="stmt" count="6"/>
        <line num="26" type="stmt" count="6"/>
        <line num="28" type="stmt" count="6"/>
        <line num="29" type="stmt" count="6"/>
        <line num="31" type="method" name="readConfigs" visibility="private" complexity="6" crap="6" count="6"/>
        <line num="33" type="stmt" count="6"/>
        <line num="34" type="stmt" count="6"/>
        <line num="35" type="stmt" count="6"/>
        <line num="36" type="stmt" count="6"/>
        <line num="37" type="stmt" count="6"/>
        <line num="38" type="stmt" count="6"/>
        <line num="39" type="stmt" count="6"/>
        <line num="40" type="stmt" count="6"/>
        <line num="41" type="stmt" count="6"/>
        <line num="42" type="stmt" count="6"/>
        <line num="43" type="stmt" count="6"/>
        <line num="44" type="stmt" count="6"/>
        <line num="45" type="stmt" count="6"/>
        <line num="47" type="stmt" count="6"/>
        <line num="48" type="stmt" count="6"/>
        <line num="49" type="stmt" count="1"/>
        <line num="50" type="stmt" count="1"/>
        <line num="53" type="stmt" count="6"/>
        <line num="56" type="stmt" count="6"/>
        <line num="58" type="method" name="prepend" visibility="public" complexity="1" crap="1" count="6"/>
        <line num="60" type="stmt" count="6"/>
        <line num="61" type="stmt" count="6"/>
        <line num="65" type="stmt" count="6"/>
        <metrics loc="66" ncloc="66" classes="1" methods="4" coveredmethods="4" conditionals="0" coveredconditionals="0" statements="30" coveredstatements="30" elements="34" coveredelements="34"/>
      </file>
    </package>
    <package name="Silverback\CommonJsBundle\Model\GoogleAnalytics">
      <file name="/Volumes/LaCie/GitHub/_Bundles/common-js-bundle/Model/GoogleAnalytics/EcAction.php">
        <class name="EcAction" namespace="Silverback\CommonJsBundle\Model\GoogleAnalytics">
          <metrics complexity="22" methods="22" coveredmethods="22" conditionals="0" coveredconditionals="0" statements="46" coveredstatements="46" elements="68" coveredelements="68"/>
        </class>
        <line num="11" type="method" name="loadValidatorMetadata" visibility="public" complexity="1" crap="1" count="1"/>
        <line num="13" type="stmt" count="1"/>
        <line num="14" type="stmt" count="1"/>
        <line num="15" type="stmt" count="1"/>
        <line num="16" type="stmt" count="1"/>
        <line num="19" type="stmt" count="1"/>
        <line num="68" type="method" name="__construct" visibility="public" complexity="1" crap="1" count="1"/>
        <line num="80" type="stmt" count="1"/>
        <line num="81" type="stmt" count="1"/>
        <line num="82" type="stmt" count="1"/>
        <line num="83" type="stmt" count="1"/>
        <line num="84" type="stmt" count="1"/>
        <line num="85" type="stmt" count="1"/>
        <line num="86" type="stmt" count="1"/>
        <line num="87" type="stmt" count="1"/>
        <line num="88" type="stmt" count="1"/>
        <line num="89" type="stmt" count="1"/>
        <line num="90" type="stmt" count="1"/>
        <line num="95" type="method" name="getId" visibility="public" complexity="1" crap="1" count="1"/>
        <line num="97" type="stmt" count="1"/>
        <line num="103" type="method" name="setId" visibility="public" complexity="1" crap="1" count="1"/>
        <line num="105" type="stmt" count="1"/>
        <line num="106" type="stmt" count="1"/>
        <line num="111" type="method" name="getName" visibility="public" complexity="1" crap="1" count="1"/>
        <line num="113" type="stmt" count="1"/>
        <line num="119" type="method" name="setName" visibility="public" complexity="1" crap="1" count="1"/>
        <line num="121" type="stmt" count="1"/>
        <line num="122" type="stmt" count="1"/>
        <line num="127" type="method" name="getAffiliation" visibility="public" complexity="1" crap="1" count="1"/>
        <line num="129" type="stmt" count="1"/>
        <line num="135" type="method" name="setAffiliation" visibility="public" complexity="1" crap="1" count="1"/>
        <line num="137" type="stmt" count="1"/>
        <line num="138" type="stmt" count="1"/>
        <line num="143" type="method" name="getRevenue" visibility="public" complexity="1" crap="1" count="1"/>
        <line num="145" type="stmt" count="1"/>
        <line num="151" type="method" name="setRevenue" visibility="public" complexity="1" crap="1" count="1"/>
        <line num="153" type="stmt" count="1"/>
        <line num="154" type="stmt" count="1"/>
        <line num="159" type="method" name="getTax" visibility="public" complexity="1" crap="1" count="1"/>
        <line num="161" type="stmt" count="1"/>
        <line num="167" type="method" name="setTax" visibility="public" complexity="1" crap="1" count="1"/>
        <line num="169" type="stmt" count="1"/>
        <line num="170" type="stmt" count="1"/>
        <line num="175" type="method" name="getShipping" visibility="public" complexity="1" crap="1" count="1"/>
        <line num="177" type="stmt" count="1"/>
        <line num="183" type="method" name="setShipping" visibility="public" complexity="1" crap="1" count="1"/>
        <line num="185" type="stmt" count="1"/>
        <line num="186" type="stmt" count="1"/>
        <line num="191" type="method" name="getCoupon" visibility="public" complexity="1" crap="1" count="1"/>
        <line num="193" type="stmt" count="1"/>
        <line num="199" type="method" name="setCoupon" visibility="public" complexity="1" crap="1" count="1"/>
        <line num="201" type="stmt" count="1"/>
        <line num="202" type="stmt" count="1"/>
        <line num="207" type="method" name="getList" visibility="public" complexity="1" crap="1" count="1"/>
        <line num="209" type="stmt" count="1"/>
        <line num="215" type="method" name="setList" visibility="public" complexity="1" crap="1" count="1"/>
        <line num="217" type="stmt" count="1"/>
        <line num="218" type="stmt" count="1"/>
        <line num="223" type="method" name="getStep" visibility="public" complexity="1" crap="1" count="1"/>
        <line num="225" type="stmt" count="1"/>
        <line num="231" type="method" name="setStep" visibility="public" complexity="1" crap="1" count="1"/>
        <line num="233" type="stmt" count="1"/>
        <line num="234" type="stmt" count="1"/>
        <line num="239" type="method" name="getOption" visibility="public" complexity="1" crap="1" count="1"/>
        <line num="241" type="stmt" count="1"/>
        <line num="247" type="method" name="setOption" visibility="public" complexity="1" crap="1" count="1"/>
        <line num="249" type="stmt" count="1"/>
        <line num="250" type="stmt" count="1"/>
        <metrics loc="251" ncloc="164" classes="1" methods="22" coveredmethods="22" conditionals="0" coveredconditionals="0" statements="46" coveredstatements="46" elements="68" coveredelements="68"/>
      </file>
      <file name="/Volumes/LaCie/GitHub/_Bundles/common-js-bundle/Model/GoogleAnalytics/EcImpression.php">
        <class name="EcImpression" namespace="Silverback\CommonJsBundle\Model\GoogleAnalytics" fullPackage="Silverback" package="Silverback">
          <metrics complexity="18" methods="18" coveredmethods="18" conditionals="0" coveredconditionals="0" statements="36" coveredstatements="36" elements="54" coveredelements="54"/>
        </class>
        <line num="15" type="method" name="loadValidatorMetadata" visibility="public" complexity="1" crap="1" count="1"/>
        <line num="17" type="stmt" count="1"/>
        <line num="18" type="stmt" count="1"/>
        <line num="21" type="stmt" count="1"/>
        <line num="58" type="method" name="__construct" visibility="public" complexity="1" crap="1" count="1"/>
        <line num="69" type="stmt" count="1"/>
        <line num="70" type="stmt" count="1"/>
        <line num="71" type="stmt" count="1"/>
        <line num="72" type="stmt" count="1"/>
        <line num="73" type="stmt" count="1"/>
        <line num="74" type="stmt" count="1"/>
        <line num="75" type="stmt" count="1"/>
        <line num="76" type="stmt" count="1"/>
        <line num="77" type="stmt" count="1"/>
        <line num="82" type="method" name="getId" visibility="public" complexity="1" crap="1" count="1"/>
        <line num="84" type="stmt" count="1"/>
        <line num="90" type="method" name="setId" visibility="public" complexity="1" crap="1" count="1"/>
        <line num="92" type="stmt" count="1"/>
        <line num="93" type="stmt" count="1"/>
        <line num="98" type="method" name="getName" visibility="public" complexity="1" crap="1" count="1"/>
        <line num="100" type="stmt" count="1"/>
        <line num="106" type="method" name="setName" visibility="public" complexity="1" crap="1" count="1"/>
        <line num="108" type="stmt" count="1"/>
        <line num="109" type="stmt" count="1"/>
        <line num="114" type="method" name="getList" visibility="public" complexity="1" crap="1" count="1"/>
        <line num="116" type="stmt" count="1"/>
        <line num="122" type="method" name="setList" visibility="public" complexity="1" crap="1" count="1"/>
        <line num="124" type="stmt" count="1"/>
        <line num="125" type="stmt" count="1"/>
        <line num="130" type="method" name="getBrand" visibility="public" complexity="1" crap="1" count="1"/>
        <line num="132" type="stmt" count="1"/>
        <line num="138" type="method" name="setBrand" visibility="public" complexity="1" crap="1" count="1"/>
        <line num="140" type="stmt" count="1"/>
        <line num="141" type="stmt" count="1"/>
        <line num="146" type="method" name="getCategory" visibility="public" complexity="1" crap="1" count="1"/>
        <line num="148" type="stmt" count="1"/>
        <line num="154" type="method" name="setCategory" visibility="public" complexity="1" crap="1" count="1"/>
        <line num="156" type="stmt" count="1"/>
        <line num="157" type="stmt" count="1"/>
        <line num="162" type="method" name="getVariant" visibility="public" complexity="1" crap="1" count="1"/>
        <line num="164" type="stmt" count="1"/>
        <line num="170" type="method" name="setVariant" visibility="public" complexity="1" crap="1" count="1"/>
        <line num="172" type="stmt" count="1"/>
        <line num="173" type="stmt" count="1"/>
        <line num="178" type="method" name="getPosition" visibility="public" complexity="1" crap="1" count="1"/>
        <line num="180" type="stmt" count="1"/>
        <line num="186" type="method" name="setPosition" visibility="public" complexity="1" crap="1" count="1"/>
        <line num="188" type="stmt" count="1"/>
        <line num="189" type="stmt" count="1"/>
        <line num="194" type="method" name="getPrice" visibility="public" complexity="1" crap="1" count="1"/>
        <line num="196" type="stmt" count="1"/>
        <line num="202" type="method" name="setPrice" visibility="public" complexity="1" crap="1" count="1"/>
        <line num="204" type="stmt" count="1"/>
        <line num="205" type="stmt" count="1"/>
        <metrics loc="206" ncloc="135" classes="1" methods="18" coveredmethods="18" conditionals="0" coveredconditionals="0" statements="36" coveredstatements="36" elements="54" coveredelements="54"/>
      </file>
      <file name="/Volumes/LaCie/GitHub/_Bundles/common-js-bundle/Model/GoogleAnalytics/EcProduct.php">
        <class name="EcProduct" namespace="Silverback\CommonJsBundle\Model\GoogleAnalytics" fullPackage="Silverback" package="Silverback">
          <metrics complexity="20" methods="20" coveredmethods="20" conditionals="0" coveredconditionals="0" statements="40" coveredstatements="40" elements="60" coveredelements="60"/>
        </class>
        <line num="15" type="method" name="loadValidatorMetadata" visibility="public" complexity="1" crap="1" count="1"/>
        <line num="17" type="stmt" count="1"/>
        <line num="18" type="stmt" count="1"/>
        <line num="21" type="stmt" count="1"/>
        <line num="62" type="method" name="__construct" visibility="public" complexity="1" crap="1" count="1"/>
        <line num="73" type="stmt" count="1"/>
        <line num="74" type="stmt" count="1"/>
        <line num="75" type="stmt" count="1"/>
        <line num="76" type="stmt" count="1"/>
        <line num="77" type="stmt" count="1"/>
        <line num="78" type="stmt" count="1"/>
        <line num="79" type="stmt" count="1"/>
        <line num="80" type="stmt" count="1"/>
        <line num="81" type="stmt" count="1"/>
        <line num="82" type="stmt" count="1"/>
        <line num="87" type="method" name="getId" visibility="public" complexity="1" crap="1" count="1"/>
        <line num="89" type="stmt" count="1"/>
        <line num="95" type="method" name="setId" visibility="public" complexity="1" crap="1" count="1"/>
        <line num="97" type="stmt" count="1"/>
        <line num="98" type="stmt" count="1"/>
        <line num="103" type="method" name="getName" visibility="public" complexity="1" crap="1" count="1"/>
        <line num="105" type="stmt" count="1"/>
        <line num="111" type="method" name="setName" visibility="public" complexity="1" crap="1" count="1"/>
        <line num="113" type="stmt" count="1"/>
        <line num="114" type="stmt" count="1"/>
        <line num="119" type="method" name="getBrand" visibility="public" complexity="1" crap="1" count="1"/>
        <line num="121" type="stmt" count="1"/>
        <line num="127" type="method" name="setBrand" visibility="public" complexity="1" crap="1" count="1"/>
        <line num="129" type="stmt" count="1"/>
        <line num="130" type="stmt" count="1"/>
        <line num="135" type="method" name="getCategory" visibility="public" complexity="1" crap="1" count="1"/>
        <line num="137" type="stmt" count="1"/>
        <line num="143" type="method" name="setCategory" visibility="public" complexity="1" crap="1" count="1"/>
        <line num="145" type="stmt" count="1"/>
        <line num="146" type="stmt" count="1"/>
        <line num="151" type="method" name="getVariant" visibility="public" complexity="1" crap="1" count="1"/>
        <line num="153" type="stmt" count="1"/>
        <line num="159" type="method" name="setVariant" visibility="public" complexity="1" crap="1" count="1"/>
        <line num="161" type="stmt" count="1"/>
        <line num="162" type="stmt" count="1"/>
        <line num="167" type="method" name="getPrice" visibility="public" complexity="1" crap="1" count="1"/>
        <line num="169" type="stmt" count="1"/>
        <line num="175" type="method" name="setPrice" visibility="public" complexity="1" crap="1" count="1"/>
        <line num="177" type="stmt" count="1"/>
        <line num="178" type="stmt" count="1"/>
        <line num="183" type="method" name="getQuantity" visibility="public" complexity="1" crap="1" count="1"/>
        <line num="185" type="stmt" count="1"/>
        <line num="191" type="method" name="setQuantity" visibility="public" complexity="1" crap="1" count="1"/>
        <line num="193" type="stmt" count="1"/>
        <line num="194" type="stmt" count="1"/>
        <line num="199" type="method" name="getCoupon" visibility="public" complexity="1" crap="1" count="1"/>
        <line num="201" type="stmt" count="1"/>
        <line num="207" type="method" name="setCoupon" visibility="public" complexity="1" crap="1" count="1"/>
        <line num="209" type="stmt" count="1"/>
        <line num="210" type="stmt" count="1"/>
        <line num="215" type="method" name="getPosition" visibility="public" complexity="1" crap="1" count="1"/>
        <line num="217" type="stmt" count="1"/>
        <line num="223" type="method" name="setPosition" visibility="public" complexity="1" crap="1" count="1"/>
        <line num="225" type="stmt" count="1"/>
        <line num="226" type="stmt" count="1"/>
        <metrics loc="227" ncloc="148" classes="1" methods="20" coveredmethods="20" conditionals="0" coveredconditionals="0" statements="40" coveredstatements="40" elements="60" coveredelements="60"/>
      </file>
      <file name="/Volumes/LaCie/GitHub/_Bundles/common-js-bundle/Model/GoogleAnalytics/EcPromo.php">
        <class name="EcPromo" namespace="Silverback\CommonJsBundle\Model\GoogleAnalytics" fullPackage="Silverback" package="Silverback">
          <metrics complexity="10" methods="10" coveredmethods="10" conditionals="0" coveredconditionals="0" statements="20" coveredstatements="20" elements="30" coveredelements="30"/>
        </class>
        <line num="15" type="method" name="loadValidatorMetadata" visibility="public" complexity="1" crap="1" count="2"/>
        <line num="17" type="stmt" count="2"/>
        <line num="18" type="stmt" count="2"/>
        <line num="21" type="stmt" count="2"/>
        <line num="35" type="method" name="__construct" visibility="public" complexity="1" crap="1" count="2"/>
        <line num="42" type="stmt" count="2"/>
        <line num="43" type="stmt" count="2"/>
        <line num="44" type="stmt" count="2"/>
        <line num="45" type="stmt" count="2"/>
        <line num="46" type="stmt" count="2"/>
        <line num="51" type="method" name="getId" visibility="public" complexity="1" crap="1" count="2"/>
        <line num="53" type="stmt" count="2"/>
        <line num="59" type="method" name="setId" visibility="public" complexity="1" crap="1" count="2"/>
        <line num="61" type="stmt" count="2"/>
        <line num="62" type="stmt" count="2"/>
        <line num="67" type="method" name="getName" visibility="public" complexity="1" crap="1" count="2"/>
        <line num="69" type="stmt" count="2"/>
        <line num="75" type="method" name="setName" visibility="public" complexity="1" crap="1" count="2"/>
        <line num="77" type="stmt" count="2"/>
        <line num="78" type="stmt" count="2"/>
        <line num="83" type="method" name="getCreative" visibility="public" complexity="1" crap="1" count="1"/>
        <line num="85" type="stmt" count="1"/>
        <line num="91" type="method" name="setCreative" visibility="public" complexity="1" crap="1" count="2"/>
        <line num="93" type="stmt" count="2"/>
        <line num="94" type="stmt" count="2"/>
        <line num="99" type="method" name="getPosition" visibility="public" complexity="1" crap="1" count="1"/>
        <line num="101" type="stmt" count="1"/>
        <line num="107" type="method" name="setPosition" visibility="public" complexity="1" crap="1" count="2"/>
        <line num="109" type="stmt" count="2"/>
        <line num="110" type="stmt" count="2"/>
        <metrics loc="111" ncloc="79" classes="1" methods="10" coveredmethods="10" conditionals="0" coveredconditionals="0" statements="20" coveredstatements="20" elements="30" coveredelements="30"/>
      </file>
      <file name="/Volumes/LaCie/GitHub/_Bundles/common-js-bundle/Model/GoogleAnalytics/Event.php">
        <class name="Event" namespace="Silverback\CommonJsBundle\Model\GoogleAnalytics">
          <metrics complexity="11" methods="11" coveredmethods="11" conditionals="0" coveredconditionals="0" statements="21" coveredstatements="21" elements="32" coveredelements="32"/>
        </class>
        <line num="22" type="method" name="__construct" visibility="public" complexity="1" crap="1" count="2"/>
        <line num="30" type="stmt" count="2"/>
        <line num="31" type="stmt" count="2"/>
        <line num="32" type="stmt" count="2"/>
        <line num="33" type="stmt" count="2"/>
        <line num="34" type="stmt" count="2"/>
        <line num="35" type="stmt" count="2"/>
        <line num="40" type="method" name="getCategory" visibility="public" complexity="1" crap="1" count="2"/>
        <line num="42" type="stmt" count="2"/>
        <line num="48" type="method" name="setCategory" visibility="public" complexity="1" crap="1" count="2"/>
        <line num="50" type="stmt" count="2"/>
        <line num="51" type="stmt" count="2"/>
        <line num="56" type="method" name="getAction" visibility="public" complexity="1" crap="1" count="2"/>
        <line num="58" type="stmt" count="2"/>
        <line num="64" type="method" name="setAction" visibility="public" complexity="1" crap="1" count="2"/>
        <line num="66" type="stmt" count="2"/>
        <line num="67" type="stmt" count="2"/>
        <line num="72" type="method" name="getLabel" visibility="public" complexity="1" crap="1" count="2"/>
        <line num="74" type="stmt" count="2"/>
        <line num="80" type="method" name="setLabel" visibility="public" complexity="1" crap="1" count="2"/>
        <line num="82" type="stmt" count="2"/>
        <line num="83" type="stmt" count="2"/>
        <line num="88" type="method" name="getTransport" visibility="public" complexity="1" crap="1" count="2"/>
        <line num="90" type="stmt" count="2"/>
        <line num="96" type="method" name="setTransport" visibility="public" complexity="1" crap="1" count="2"/>
        <line num="98" type="stmt" count="2"/>
        <line num="99" type="stmt" count="2"/>
        <line num="104" type="method" name="isNonInteraction" visibility="public" complexity="1" crap="1" count="2"/>
        <line num="106" type="stmt" count="2"/>
        <line num="112" type="method" name="setNonInteraction" visibility="public" complexity="1" crap="1" count="2"/>
        <line num="114" type="stmt" count="2"/>
        <line num="115" type="stmt" count="2"/>
        <metrics loc="115" ncloc="80" classes="1" methods="11" coveredmethods="11" conditionals="0" coveredconditionals="0" statements="21" coveredstatements="21" elements="32" coveredelements="32"/>
      </file>
    </package>
    <file name="/Volumes/LaCie/GitHub/_Bundles/common-js-bundle/Model/GoogleAnalytics/EcNameIdInterface.php">
      <metrics loc="15" ncloc="9" classes="0" methods="0" coveredmethods="0" conditionals="0" coveredconditionals="0" statements="0" coveredstatements="0" elements="0" coveredelements="0"/>
    </file>
    <package name="Silverback\CommonJsBundle\Model">
      <file name="/Volumes/LaCie/GitHub/_Bundles/common-js-bundle/Model/TwigParams.php">
        <class name="TwigParams" namespace="Silverback\CommonJsBundle\Model">
          <metrics complexity="7" methods="7" coveredmethods="7" conditionals="0" coveredconditionals="0" statements="13" coveredstatements="13" elements="20" coveredelements="20"/>
        </class>
        <line num="20" type="method" name="__construct" visibility="public" complexity="1" crap="1" count="11"/>
        <line num="26" type="stmt" count="11"/>
        <line num="27" type="stmt" count="11"/>
        <line num="28" type="stmt" count="11"/>
        <line num="29" type="stmt" count="11"/>
        <line num="34" type="method" name="getPath" visibility="public" complexity="1" crap="1" count="10"/>
        <line num="36" type="stmt" count="10"/>
        <line num="42" type="method" name="setPath" visibility="public" complexity="1" crap="1" count="11"/>
        <line num="44" type="stmt" count="11"/>
        <line num="45" type="stmt" count="11"/>
        <line num="50" type="method" name="getArguments" visibility="public" complexity="1" crap="1" count="10"/>
        <line num="52" type="stmt" count="10"/>
        <line num="58" type="method" name="setArguments" visibility="public" complexity="1" crap="1" count="11"/>
        <line num="60" type="stmt" count="11"/>
        <line num="61" type="stmt" count="11"/>
        <line num="66" type="method" name="getName" visibility="public" complexity="1" crap="1" count="1"/>
        <line num="68" type="stmt" count="1"/>
        <line num="74" type="method" name="setName" visibility="public" complexity="1" crap="1" count="11"/>
        <line num="76" type="stmt" count="11"/>
        <line num="77" type="stmt" count="11"/>
        <metrics loc="78" ncloc="51" classes="1" methods="7" coveredmethods="7" conditionals="0" coveredconditionals="0" statements="13" coveredstatements="13" elements="20" coveredelements="20"/>
      </file>
    </package>
    <package name="Silverback\CommonJsBundle\NameConverter">
      <file name="/Volumes/LaCie/GitHub/_Bundles/common-js-bundle/NameConverter/PascalCaseToSnakeCaseConverter.php">
        <class name="PascalCaseToSnakeCaseConverter" namespace="Silverback\CommonJsBundle\NameConverter">
          <metrics complexity="3" methods="3" coveredmethods="3" conditionals="0" coveredconditionals="0" statements="3" coveredstatements="3" elements="6" coveredelements="6"/>
        </class>
        <line num="10" type="method" name="normalize" visibility="public" complexity="1" crap="1" count="11"/>
        <line num="12" type="stmt" count="11"/>
        <line num="15" type="method" name="denormalize" visibility="public" complexity="1" crap="1" count="13"/>
        <line num="17" type="stmt" count="13"/>
        <line num="20" type="method" name="denormalizeToProviderClassName" visibility="public" complexity="1" crap="1" count="13"/>
        <line num="22" type="stmt" count="13"/>
        <metrics loc="24" ncloc="24" classes="1" methods="3" coveredmethods="3" conditionals="0" coveredconditionals="0" statements="3" coveredstatements="3" elements="6" coveredelements="6"/>
      </file>
    </package>
    <file name="/Volumes/LaCie/GitHub/_Bundles/common-js-bundle/NameConverter/ProviderClassNameConverterInterface.php">
      <metrics loc="10" ncloc="10" classes="0" methods="0" coveredmethods="0" conditionals="0" coveredconditionals="0" statements="0" coveredstatements="0" elements="0" coveredelements="0"/>
    </file>
    <package name="Silverback\CommonJsBundle\Provider">
      <file name="/Volumes/LaCie/GitHub/_Bundles/common-js-bundle/Provider/BaseProvider.php">
        <class name="BaseProvider" namespace="Silverback\CommonJsBundle\Provider">
          <metrics complexity="33" methods="15" coveredmethods="15" conditionals="0" coveredconditionals="0" statements="75" coveredstatements="75" elements="90" coveredelements="90"/>
        </class>
        <line num="41" type="method" name="__construct" visibility="public" complexity="1" crap="1" count="13"/>
        <line num="46" type="stmt" count="13"/>
        <line num="47" type="stmt" count="13"/>
        <line num="48" type="stmt" count="13"/>
        <line num="50" type="method" name="setTwigArgs" visibility="public" complexity="1" crap="1" count="13"/>
        <line num="52" type="stmt" count="13"/>
        <line num="53" type="stmt" count="13"/>
        <line num="55" type="method" name="getTwigArgs" visibility="public" complexity="1" crap="1" count="11"/>
        <line num="57" type="stmt" count="11"/>
        <line num="60" type="method" name="getConverter" visibility="public" complexity="2" crap="2" count="13"/>
        <line num="62" type="stmt" count="13"/>
        <line num="63" type="stmt" count="1"/>
        <line num="65" type="stmt" count="13"/>
        <line num="68" type="method" name="getPascalCaseBlock" visibility="public" complexity="1" crap="1" count="11"/>
        <line num="70" type="stmt" count="11"/>
        <line num="71" type="stmt" count="11"/>
        <line num="72" type="stmt" count="11"/>
        <line num="73" type="stmt" count="11"/>
        <line num="79" type="method" name="getBlockName" visibility="public" complexity="1" crap="1" count="11"/>
        <line num="81" type="stmt" count="11"/>
        <line num="87" type="method" name="getBlockPath" visibility="public" complexity="1" crap="1" count="11"/>
        <line num="89" type="stmt" count="11"/>
        <line num="92" type="method" name="getBlockTwigParams" visibility="public" complexity="2" crap="2" count="8"/>
        <line num="94" type="stmt" count="8"/>
        <line num="95" type="stmt" count="8"/>
        <line num="96" type="stmt" count="8"/>
        <line num="99" type="stmt" count="8"/>
        <line num="100" type="stmt" count="8"/>
        <line num="101" type="stmt" count="8"/>
        <line num="102" type="stmt" count="8"/>
        <line num="112" type="method" name="addScriptBlock" visibility="public" complexity="10" crap="10" count="8"/>
        <line num="114" type="stmt" count="8"/>
        <line num="116" type="stmt" count="5"/>
        <line num="118" type="stmt" count="4"/>
        <line num="119" type="stmt" count="4"/>
        <line num="120" type="stmt" count="1"/>
        <line num="121" type="stmt" count="5"/>
        <line num="126" type="stmt" count="8"/>
        <line num="127" type="stmt" count="8"/>
        <line num="128" type="stmt" count="1"/>
        <line num="130" type="stmt" count="8"/>
        <line num="131" type="stmt" count="8"/>
        <line num="132" type="stmt" count="2"/>
        <line num="133" type="stmt" count="2"/>
        <line num="134" type="stmt" count="2"/>
        <line num="135" type="stmt" count="2"/>
        <line num="137" type="stmt" count="2"/>
        <line num="141" type="stmt" count="8"/>
        <line num="142" type="stmt" count="8"/>
        <line num="143" type="stmt" count="8"/>
        <line num="144" type="stmt" count="8"/>
        <line num="147" type="stmt" count="8"/>
        <line num="150" type="method" name="removeScriptBlock" visibility="public" complexity="2" crap="2" count="2"/>
        <line num="152" type="stmt" count="2"/>
        <line num="153" type="stmt" count="2"/>
        <line num="155" type="stmt" count="2"/>
        <line num="157" type="method" name="setConverter" visibility="private" complexity="1" crap="1" count="1"/>
        <line num="159" type="stmt" count="1"/>
        <line num="160" type="stmt" count="1"/>
        <line num="162" type="method" name="renderSdk" visibility="public" complexity="5" crap="5" count="9"/>
        <line num="164" type="stmt" count="9"/>
        <line num="165" type="stmt" count="9"/>
        <line num="166" type="stmt" count="9"/>
        <line num="169" type="stmt" count="9"/>
        <line num="170" type="stmt" count="9"/>
        <line num="174" type="stmt" count="9"/>
        <line num="176" type="stmt" count="6"/>
        <line num="179" type="stmt" count="8"/>
        <line num="180" type="stmt" count="8"/>
        <line num="182" type="stmt" count="8"/>
        <line num="187" type="stmt" count="8"/>
        <line num="188" type="stmt" count="8"/>
        <line num="189" type="stmt" count="8"/>
        <line num="190" type="stmt" count="8"/>
        <line num="192" type="stmt" count="8"/>
        <line num="195" type="method" name="setScriptBlockTwigArgs" visibility="public" complexity="2" crap="2" count="1"/>
        <line num="200" type="stmt" count="1"/>
        <line num="201" type="stmt" count="1"/>
        <line num="202" type="stmt" count="1"/>
        <line num="203" type="stmt" count="1"/>
        <line num="206" type="stmt" count="1"/>
        <line num="208" type="method" name="getNewModel" visibility="public" complexity="1" crap="1" count="4"/>
        <line num="210" type="stmt" count="4"/>
        <line num="211" type="stmt" count="4"/>
        <line num="214" type="method" name="__clone" visibility="public" complexity="2" crap="2" count="1"/>
        <line num="216" type="stmt" count="1"/>
        <line num="217" type="stmt" count="1"/>
        <line num="218" type="stmt" count="1"/>
        <line num="220" type="stmt" count="1"/>
        <line num="221" type="stmt" count="1"/>
        <metrics loc="222" ncloc="189" classes="1" methods="15" coveredmethods="15" conditionals="0" coveredconditionals="0" statements="75" coveredstatements="75" elements="90" coveredelements="90"/>
      </file>
    </package>
    <package name="Silverback\CommonJsBundle\Provider\Js">
      <file name="/Volumes/LaCie/GitHub/_Bundles/common-js-bundle/Provider/Js/FacebookSdkProvider.php">
        <class name="FacebookSdkProvider" namespace="Silverback\CommonJsBundle\Provider\Js">
          <metrics complexity="0" methods="0" coveredmethods="0" conditionals="0" coveredconditionals="0" statements="0" coveredstatements="0" elements="0" coveredelements="0"/>
        </class>
        <metrics loc="8" ncloc="8" classes="0" methods="0" coveredmethods="0" conditionals="0" coveredconditionals="0" statements="0" coveredstatements="0" elements="0" coveredelements="0"/>
      </file>
      <file name="/Volumes/LaCie/GitHub/_Bundles/common-js-bundle/Provider/Js/GoogleAnalyticsProvider.php">
        <class name="GoogleAnalyticsProvider" namespace="Silverback\CommonJsBundle\Provider\Js">
          <metrics complexity="5" methods="3" coveredmethods="3" conditionals="0" coveredconditionals="0" statements="15" coveredstatements="15" elements="18" coveredelements="18"/>
        </class>
        <line num="24" type="method" name="ecActions" visibility="public" complexity="1" crap="1" count="1"/>
        <line num="27" type="stmt" count="1"/>
        <line num="28" type="stmt" count="1"/>
        <line num="29" type="stmt" count="1"/>
        <line num="30" type="stmt" count="1"/>
        <line num="31" type="stmt" count="1"/>
        <line num="32" type="stmt" count="1"/>
        <line num="33" type="stmt" count="1"/>
        <line num="34" type="stmt" count="1"/>
        <line num="35" type="stmt" count="1"/>
        <line num="43" type="method" name="validateEcAction" visibility="public" complexity="1" crap="1" count="1"/>
        <line num="45" type="stmt" count="1"/>
        <line num="48" type="method" name="validateNameOrId" visibility="public" complexity="3" crap="3" count="2"/>
        <line num="50" type="stmt" count="2"/>
        <line num="52" type="stmt" count="1"/>
        <line num="53" type="stmt" count="1"/>
        <line num="54" type="stmt" count="1"/>
        <line num="56" type="stmt" count="2"/>
        <metrics loc="57" ncloc="50" classes="1" methods="3" coveredmethods="3" conditionals="0" coveredconditionals="0" statements="15" coveredstatements="15" elements="18" coveredelements="18"/>
      </file>
      <file name="/Volumes/LaCie/GitHub/_Bundles/common-js-bundle/Provider/Js/GtmProvider.php">
        <class name="GtmProvider" namespace="Silverback\CommonJsBundle\Provider\Js">
          <metrics complexity="0" methods="0" coveredmethods="0" conditionals="0" coveredconditionals="0" statements="0" coveredstatements="0" elements="0" coveredelements="0"/>
        </class>
        <metrics loc="8" ncloc="8" classes="0" methods="0" coveredmethods="0" conditionals="0" coveredconditionals="0" statements="0" coveredstatements="0" elements="0" coveredelements="0"/>
      </file>
      <file name="/Volumes/LaCie/GitHub/_Bundles/common-js-bundle/Provider/Js/TwitterProvider.php">
        <class name="TwitterProvider" namespace="Silverback\CommonJsBundle\Provider\Js">
          <metrics complexity="0" methods="0" coveredmethods="0" conditionals="0" coveredconditionals="0" statements="0" coveredstatements="0" elements="0" coveredelements="0"/>
        </class>
        <metrics loc="8" ncloc="8" classes="0" methods="0" coveredmethods="0" conditionals="0" coveredconditionals="0" statements="0" coveredstatements="0" elements="0" coveredelements="0"/>
      </file>
    </package>
    <file name="/Volumes/LaCie/GitHub/_Bundles/common-js-bundle/Provider/ProviderInterface.php">
      <metrics loc="78" ncloc="33" classes="0" methods="0" coveredmethods="0" conditionals="0" coveredconditionals="0" statements="0" coveredstatements="0" elements="0" coveredelements="0"/>
    </file>
    <package name="Silverback\CommonJsBundle\Renderer">
      <file name="/Volumes/LaCie/GitHub/_Bundles/common-js-bundle/Renderer/TwigParamsRenderer.php">
        <class name="TwigParamsRenderer" namespace="Silverback\CommonJsBundle\Renderer">
          <metrics complexity="3" methods="2" coveredmethods="2" conditionals="0" coveredconditionals="0" statements="5" coveredstatements="5" elements="7" coveredelements="7"/>
        </class>
        <line num="14" type="method" name="setTwigEnvironment" visibility="public" complexity="1" crap="1" count="13"/>
        <line num="16" type="stmt" count="13"/>
        <line num="17" type="stmt" count="13"/>
        <line num="19" type="method" name="render" visibility="public" complexity="2" crap="2" count="10"/>
        <line num="22" type="stmt" count="10"/>
        <line num="23" type="stmt" count="1"/>
        <line num="24" type="stmt" count="1"/>
        <metrics loc="27" ncloc="24" classes="1" methods="2" coveredmethods="2" conditionals="0" coveredconditionals="0" statements="5" coveredstatements="5" elements="7" coveredelements="7"/>
      </file>
    </package>
    <file name="/Volumes/LaCie/GitHub/_Bundles/common-js-bundle/Resources/config/services.php">
      <line num="11" type="stmt" count="6"/>
      <line num="14" type="stmt" count="6"/>
      <line num="15" type="stmt" count="6"/>
      <line num="16" type="stmt" count="6"/>
      <line num="17" type="stmt" count="6"/>
      <line num="21" type="stmt" count="6"/>
      <line num="22" type="stmt" count="6"/>
      <line num="23" type="stmt" count="6"/>
      <line num="24" type="stmt" count="6"/>
      <line num="26" type="stmt" count="6"/>
      <metrics loc="26" ncloc="26" classes="0" methods="0" coveredmethods="0" conditionals="0" coveredconditionals="0" statements="10" coveredstatements="10" elements="10" coveredelements="10"/>
    </file>
    <package name="Silverback\CommonJsBundle\Serializer\Normalizer">
      <file name="/Volumes/LaCie/GitHub/_Bundles/common-js-bundle/Serializer/Normalizer/ExcludeNullObjectNormalizer.php">
        <class name="ExcludeNullObjectNormalizer" namespace="Silverback\CommonJsBundle\Serializer\Normalizer">
          <metrics complexity="2" methods="2" coveredmethods="2" conditionals="0" coveredconditionals="0" statements="3" coveredstatements="3" elements="5" coveredelements="5"/>
        </class>
        <line num="12" type="method" name="normalize" visibility="public" complexity="1" crap="1" count="3"/>
        <line num="14" type="stmt" count="3"/>
        <line num="16" type="method" name="anonymous function" complexity="1" crap="1" count="3"/>
        <line num="17" type="stmt" count="3"/>
        <line num="18" type="stmt" count="3"/>
        <metrics loc="20" ncloc="17" classes="1" methods="2" coveredmethods="2" conditionals="0" coveredconditionals="0" statements="3" coveredstatements="3" elements="5" coveredelements="5"/>
      </file>
    </package>
    <package name="Silverback\CommonJsBundle\ServiceProvider">
      <file name="/Volumes/LaCie/GitHub/_Bundles/common-js-bundle/ServiceProvider/ServiceProvider.php">
        <class name="ServiceProvider" namespace="Silverback\CommonJsBundle\ServiceProvider">
          <metrics complexity="4" methods="2" coveredmethods="2" conditionals="0" coveredconditionals="0" statements="5" coveredstatements="5" elements="7" coveredelements="7"/>
        </class>
        <line num="12" type="method" name="addProvider" visibility="public" complexity="2" crap="2" count="13"/>
        <line num="14" type="stmt" count="13"/>
        <line num="15" type="stmt" count="13"/>
        <line num="17" type="method" name="getProvider" visibility="public" complexity="2" crap="2" count="12"/>
        <line num="19" type="stmt" count="12"/>
        <line num="20" type="stmt" count="1"/>
        <line num="22" type="stmt" count="11"/>
        <metrics loc="24" ncloc="24" classes="1" methods="2" coveredmethods="2" conditionals="0" coveredconditionals="0" statements="5" coveredstatements="5" elements="7" coveredelements="7"/>
      </file>
    </package>
    <package name="Silverback\CommonJsBundle\Twig\Extension">
      <file name="/Volumes/LaCie/GitHub/_Bundles/common-js-bundle/Twig/Extension/CommonJsExtension.php">
        <class name="CommonJsExtension" namespace="Silverback\CommonJsBundle\Twig\Extension">
          <metrics complexity="10" methods="10" coveredmethods="10" conditionals="0" coveredconditionals="0" statements="34" coveredstatements="34" elements="44" coveredelements="44"/>
        </class>
        <line num="17" type="method" name="__construct" visibility="public" complexity="1" crap="1" count="13"/>
        <line num="23" type="stmt" count="13"/>
        <line num="24" type="stmt" count="13"/>
        <line num="25" type="stmt" count="13"/>
        <line num="27" type="method" name="getFunctions" visibility="public" complexity="1" crap="1" count="13"/>
        <line num="30" type="stmt" count="13"/>
        <line num="31" type="stmt" count="13"/>
        <line num="33" type="stmt" count="13"/>
        <line num="34" type="stmt" count="13"/>
        <line num="36" type="stmt" count="13"/>
        <line num="37" type="stmt" count="13"/>
        <line num="39" type="stmt" count="13"/>
        <line num="40" type="stmt" count="13"/>
        <line num="41" type="stmt" count="13"/>
        <line num="49" type="method" name="getProvider" visibility="private" complexity="1" crap="1" count="12"/>
        <line num="51" type="stmt" count="12"/>
        <line num="52" type="stmt" count="12"/>
        <line num="63" type="method" name="addBlock" visibility="public" complexity="1" crap="1" count="8"/>
        <line num="65" type="stmt" count="8"/>
        <line num="66" type="stmt" count="8"/>
        <line num="73" type="method" name="removeBlock" visibility="public" complexity="1" crap="1" count="2"/>
        <line num="75" type="stmt" count="2"/>
        <line num="76" type="stmt" count="2"/>
        <line num="77" type="stmt" count="2"/>
        <line num="84" type="method" name="outputJs" visibility="public" complexity="1" crap="1" count="10"/>
        <line num="86" type="stmt" count="10"/>
        <line num="94" type="method" name="outputNoscript" visibility="public" complexity="1" crap="1" count="1"/>
        <line num="96" type="stmt" count="1"/>
        <line num="105" type="method" name="output" visibility="private" complexity="1" crap="1" count="10"/>
        <line num="107" type="stmt" count="10"/>
        <line num="108" type="stmt" count="9"/>
        <line num="116" type="method" name="duplicate" visibility="public" complexity="1" crap="1" count="1"/>
        <line num="118" type="stmt" count="1"/>
        <line num="119" type="stmt" count="1"/>
        <line num="121" type="stmt" count="1"/>
        <line num="122" type="stmt" count="1"/>
        <line num="123" type="stmt" count="1"/>
        <line num="125" type="stmt" count="1"/>
        <line num="127" type="stmt" count="1"/>
        <line num="128" type="stmt" count="1"/>
        <line num="129" type="stmt" count="1"/>
        <line num="137" type="method" name="newModel" visibility="public" complexity="1" crap="1" count="4"/>
        <line num="139" type="stmt" count="4"/>
        <line num="140" type="stmt" count="4"/>
        <metrics loc="142" ncloc="96" classes="1" methods="10" coveredmethods="10" conditionals="0" coveredconditionals="0" statements="34" coveredstatements="34" elements="44" coveredelements="44"/>
      </file>
      <file name="/Volumes/LaCie/GitHub/_Bundles/common-js-bundle/Twig/Extension/SerializerExtension.php">
        <class name="SerializerExtension" namespace="Silverback\CommonJsBundle\Twig\Extension">
          <metrics complexity="3" methods="3" coveredmethods="3" conditionals="0" coveredconditionals="0" statements="7" coveredstatements="7" elements="10" coveredelements="10"/>
        </class>
        <line num="17" type="method" name="__construct" visibility="public" complexity="1" crap="1" count="13"/>
        <line num="19" type="stmt" count="13"/>
        <line num="20" type="stmt" count="13"/>
        <line num="22" type="stmt" count="13"/>
        <line num="23" type="stmt" count="13"/>
        <line num="25" type="method" name="getFunctions" visibility="public" complexity="1" crap="1" count="13"/>
        <line num="28" type="stmt" count="13"/>
        <line num="29" type="stmt" count="13"/>
        <line num="34" type="method" name="serialize" visibility="public" complexity="1" crap="1" count="4"/>
        <line num="36" type="stmt" count="4"/>
        <metrics loc="38" ncloc="35" classes="1" methods="3" coveredmethods="3" conditionals="0" coveredconditionals="0" statements="7" coveredstatements="7" elements="10" coveredelements="10"/>
      </file>
    </package>
    <metrics files="23" loc="1876" ncloc="1396" classes="16" methods="140" coveredmethods="140" conditionals="0" coveredconditionals="0" statements="418" coveredstatements="418" elements="558" coveredelements="558"/>
  </project>
</coverage>
