<?xml version="1.0" encoding="UTF-8"?>
<coverage generated="1511794737">
  <project timestamp="1511794737">
    <package name="JsSdkBundle\DependencyInjection">
      <file name="/Volumes/LaCie/GitHub/_Bundles/js-sdk-bundle/DependencyInjection/Configuration.php">
        <class name="Configuration" namespace="JsSdkBundle\DependencyInjection">
          <metrics complexity="4" methods="4" coveredmethods="4" conditionals="0" coveredconditionals="0" statements="30" coveredstatements="30" elements="34" coveredelements="34"/>
        </class>
        <line num="12" type="method" name="getConfigTreeBuilder" visibility="public" complexity="1" crap="1" count="2"/>
        <line num="14" type="stmt" count="2"/>
        <line num="15" type="stmt" count="2"/>
        <line num="17" type="stmt" count="2"/>
        <line num="19" type="stmt" count="2"/>
        <line num="21" type="stmt" count="2"/>
        <line num="22" type="stmt" count="2"/>
        <line num="25" type="method" name="addGoogleAnalyticsSection" visibility="private" complexity="1" crap="1" count="2"/>
        <line num="27" type="stmt" count="2"/>
        <line num="29" type="stmt" count="2"/>
        <line num="30" type="stmt" count="2"/>
        <line num="31" type="stmt" count="2"/>
        <line num="32" type="stmt" count="2"/>
        <line num="34" type="stmt" count="2"/>
        <line num="35" type="stmt" count="2"/>
        <line num="37" type="method" name="addSDKNode" visibility="private" complexity="1" crap="1" count="2"/>
        <line num="40" type="stmt" count="2"/>
        <line num="41" type="stmt" count="2"/>
        <line num="42" type="stmt" count="2"/>
        <line num="43" type="stmt" count="2"/>
        <line num="44" type="stmt" count="2"/>
        <line num="45" type="stmt" count="2"/>
        <line num="46" type="stmt" count="2"/>
        <line num="47" type="stmt" count="2"/>
        <line num="48" type="stmt" count="2"/>
        <line num="49" type="stmt" count="2"/>
        <line num="50" type="stmt" count="2"/>
        <line num="51" type="stmt" count="2"/>
        <line num="52" type="stmt" count="2"/>
        <line num="53" type="stmt" count="2"/>
        <line num="57" type="method" name="endSdkNode" visibility="private" complexity="1" crap="1" count="2"/>
        <line num="59" type="stmt" count="2"/>
        <line num="60" type="stmt" count="2"/>
        <line num="61" type="stmt" count="2"/>
        <metrics loc="64" ncloc="64" classes="1" methods="4" coveredmethods="4" conditionals="0" coveredconditionals="0" statements="30" coveredstatements="30" elements="34" coveredelements="34"/>
      </file>
      <file name="/Volumes/LaCie/GitHub/_Bundles/js-sdk-bundle/DependencyInjection/JsSdkExtension.php">
        <class name="JsSdkExtension" namespace="JsSdkBundle\DependencyInjection">
          <metrics complexity="8" methods="3" coveredmethods="3" conditionals="0" coveredconditionals="0" statements="26" coveredstatements="26" elements="29" coveredelements="29"/>
        </class>
        <line num="15" type="method" name="load" visibility="public" complexity="1" crap="1" count="2"/>
        <line num="17" type="stmt" count="2"/>
        <line num="18" type="stmt" count="2"/>
        <line num="19" type="stmt" count="2"/>
        <line num="21" type="method" name="loadServiceConfig" visibility="private" complexity="1" crap="1" count="2"/>
        <line num="23" type="stmt" count="2"/>
        <line num="24" type="stmt" count="2"/>
        <line num="25" type="stmt" count="2"/>
        <line num="27" type="stmt" count="2"/>
        <line num="28" type="stmt" count="2"/>
        <line num="30" type="method" name="readConfigs" visibility="private" complexity="6" crap="6" count="2"/>
        <line num="32" type="stmt" count="2"/>
        <line num="33" type="stmt" count="2"/>
        <line num="34" type="stmt" count="2"/>
        <line num="35" type="stmt" count="2"/>
        <line num="36" type="stmt" count="2"/>
        <line num="37" type="stmt" count="2"/>
        <line num="38" type="stmt" count="2"/>
        <line num="39" type="stmt" count="2"/>
        <line num="40" type="stmt" count="2"/>
        <line num="41" type="stmt" count="2"/>
        <line num="42" type="stmt" count="2"/>
        <line num="43" type="stmt" count="2"/>
        <line num="45" type="stmt" count="2"/>
        <line num="46" type="stmt" count="2"/>
        <line num="47" type="stmt" count="1"/>
        <line num="48" type="stmt" count="1"/>
        <line num="51" type="stmt" count="2"/>
        <line num="54" type="stmt" count="2"/>
        <metrics loc="55" ncloc="55" classes="1" methods="3" coveredmethods="3" conditionals="0" coveredconditionals="0" statements="26" coveredstatements="26" elements="29" coveredelements="29"/>
      </file>
    </package>
    <package name="JsSdkBundle\Model\GoogleAnalytics">
      <file name="/Volumes/LaCie/GitHub/_Bundles/js-sdk-bundle/Model/GoogleAnalytics/EcAction.php">
        <class name="EcAction" namespace="JsSdkBundle\Model\GoogleAnalytics">
          <metrics complexity="0" methods="0" coveredmethods="0" conditionals="0" coveredconditionals="0" statements="0" coveredstatements="0" elements="0" coveredelements="0"/>
        </class>
        <metrics loc="33" ncloc="24" classes="0" methods="0" coveredmethods="0" conditionals="0" coveredconditionals="0" statements="0" coveredstatements="0" elements="0" coveredelements="0"/>
      </file>
      <file name="/Volumes/LaCie/GitHub/_Bundles/js-sdk-bundle/Model/GoogleAnalytics/EcImpression.php">
        <class name="EcImpression" namespace="JsSdkBundle\Model\GoogleAnalytics">
          <metrics complexity="0" methods="0" coveredmethods="0" conditionals="0" coveredconditionals="0" statements="0" coveredstatements="0" elements="0" coveredelements="0"/>
        </class>
        <metrics loc="30" ncloc="22" classes="0" methods="0" coveredmethods="0" conditionals="0" coveredconditionals="0" statements="0" coveredstatements="0" elements="0" coveredelements="0"/>
      </file>
      <file name="/Volumes/LaCie/GitHub/_Bundles/js-sdk-bundle/Model/GoogleAnalytics/EcProduct.php">
        <class name="EcProduct" namespace="JsSdkBundle\Model\GoogleAnalytics">
          <metrics complexity="0" methods="0" coveredmethods="0" conditionals="0" coveredconditionals="0" statements="0" coveredstatements="0" elements="0" coveredelements="0"/>
        </class>
        <metrics loc="33" ncloc="24" classes="0" methods="0" coveredmethods="0" conditionals="0" coveredconditionals="0" statements="0" coveredstatements="0" elements="0" coveredelements="0"/>
      </file>
      <file name="/Volumes/LaCie/GitHub/_Bundles/js-sdk-bundle/Model/GoogleAnalytics/EcPromo.php">
        <class name="EcPromo" namespace="JsSdkBundle\Model\GoogleAnalytics">
          <metrics complexity="0" methods="0" coveredmethods="0" conditionals="0" coveredconditionals="0" statements="0" coveredstatements="0" elements="0" coveredelements="0"/>
        </class>
        <metrics loc="18" ncloc="14" classes="0" methods="0" coveredmethods="0" conditionals="0" coveredconditionals="0" statements="0" coveredstatements="0" elements="0" coveredelements="0"/>
      </file>
      <file name="/Volumes/LaCie/GitHub/_Bundles/js-sdk-bundle/Model/GoogleAnalytics/Event.php">
        <class name="Event" namespace="JsSdkBundle\Model\GoogleAnalytics">
          <metrics complexity="11" methods="11" coveredmethods="6" conditionals="0" coveredconditionals="0" statements="21" coveredstatements="11" elements="32" coveredelements="17"/>
        </class>
        <line num="22" type="method" name="__construct" visibility="public" complexity="1" crap="1" count="2"/>
        <line num="30" type="stmt" count="2"/>
        <line num="31" type="stmt" count="2"/>
        <line num="32" type="stmt" count="2"/>
        <line num="33" type="stmt" count="2"/>
        <line num="34" type="stmt" count="2"/>
        <line num="35" type="stmt" count="2"/>
        <line num="40" type="method" name="getCategory" visibility="public" complexity="1" crap="1" count="2"/>
        <line num="42" type="stmt" count="2"/>
        <line num="48" type="method" name="setCategory" visibility="public" complexity="1" crap="2" count="0"/>
        <line num="50" type="stmt" count="0"/>
        <line num="51" type="stmt" count="0"/>
        <line num="56" type="method" name="getAction" visibility="public" complexity="1" crap="1" count="2"/>
        <line num="58" type="stmt" count="2"/>
        <line num="64" type="method" name="setAction" visibility="public" complexity="1" crap="2" count="0"/>
        <line num="66" type="stmt" count="0"/>
        <line num="67" type="stmt" count="0"/>
        <line num="72" type="method" name="getLabel" visibility="public" complexity="1" crap="1" count="2"/>
        <line num="74" type="stmt" count="2"/>
        <line num="80" type="method" name="setLabel" visibility="public" complexity="1" crap="2" count="0"/>
        <line num="82" type="stmt" count="0"/>
        <line num="83" type="stmt" count="0"/>
        <line num="88" type="method" name="getTransport" visibility="public" complexity="1" crap="1" count="2"/>
        <line num="90" type="stmt" count="2"/>
        <line num="96" type="method" name="setTransport" visibility="public" complexity="1" crap="2" count="0"/>
        <line num="98" type="stmt" count="0"/>
        <line num="99" type="stmt" count="0"/>
        <line num="104" type="method" name="isNonInteraction" visibility="public" complexity="1" crap="1" count="2"/>
        <line num="106" type="stmt" count="2"/>
        <line num="112" type="method" name="setNonInteraction" visibility="public" complexity="1" crap="2" count="0"/>
        <line num="114" type="stmt" count="0"/>
        <line num="115" type="stmt" count="0"/>
        <metrics loc="115" ncloc="80" classes="1" methods="11" coveredmethods="6" conditionals="0" coveredconditionals="0" statements="21" coveredstatements="11" elements="32" coveredelements="17"/>
      </file>
    </package>
    <package name="JsSdkBundle\Model">
      <file name="/Volumes/LaCie/GitHub/_Bundles/js-sdk-bundle/Model/TwigParams.php">
        <class name="TwigParams" namespace="JsSdkBundle\Model">
          <metrics complexity="7" methods="7" coveredmethods="5" conditionals="0" coveredconditionals="0" statements="13" coveredstatements="9" elements="20" coveredelements="14"/>
        </class>
        <line num="20" type="method" name="__construct" visibility="public" complexity="1" crap="1" count="6"/>
        <line num="26" type="stmt" count="6"/>
        <line num="27" type="stmt" count="6"/>
        <line num="28" type="stmt" count="6"/>
        <line num="29" type="stmt" count="6"/>
        <line num="34" type="method" name="getPath" visibility="public" complexity="1" crap="1" count="6"/>
        <line num="36" type="stmt" count="6"/>
        <line num="42" type="method" name="setPath" visibility="public" complexity="1" crap="2" count="0"/>
        <line num="44" type="stmt" count="0"/>
        <line num="45" type="stmt" count="0"/>
        <line num="50" type="method" name="getArguments" visibility="public" complexity="1" crap="1" count="6"/>
        <line num="52" type="stmt" count="6"/>
        <line num="58" type="method" name="setArguments" visibility="public" complexity="1" crap="1" count="1"/>
        <line num="60" type="stmt" count="1"/>
        <line num="61" type="stmt" count="1"/>
        <line num="66" type="method" name="getSdk" visibility="public" complexity="1" crap="1" count="1"/>
        <line num="68" type="stmt" count="1"/>
        <line num="74" type="method" name="setSdk" visibility="public" complexity="1" crap="2" count="0"/>
        <line num="76" type="stmt" count="0"/>
        <line num="77" type="stmt" count="0"/>
        <metrics loc="78" ncloc="51" classes="1" methods="7" coveredmethods="5" conditionals="0" coveredconditionals="0" statements="13" coveredstatements="9" elements="20" coveredelements="14"/>
      </file>
    </package>
    <package name="JsSdkBundle\NameConverter">
      <file name="/Volumes/LaCie/GitHub/_Bundles/js-sdk-bundle/NameConverter/PascalCaseToSnakeCaseConverter.php">
        <class name="PascalCaseToSnakeCaseConverter" namespace="JsSdkBundle\NameConverter">
          <metrics complexity="3" methods="3" coveredmethods="3" conditionals="0" coveredconditionals="0" statements="3" coveredstatements="3" elements="6" coveredelements="6"/>
        </class>
        <line num="11" type="method" name="normalize" visibility="public" complexity="1" crap="1" count="6"/>
        <line num="13" type="stmt" count="6"/>
        <line num="16" type="method" name="denormalize" visibility="public" complexity="1" crap="1" count="7"/>
        <line num="18" type="stmt" count="7"/>
        <line num="21" type="method" name="denormalizeToProviderClassName" visibility="public" complexity="1" crap="1" count="7"/>
        <line num="23" type="stmt" count="7"/>
        <metrics loc="25" ncloc="25" classes="1" methods="3" coveredmethods="3" conditionals="0" coveredconditionals="0" statements="3" coveredstatements="3" elements="6" coveredelements="6"/>
      </file>
    </package>
    <file name="/Volumes/LaCie/GitHub/_Bundles/js-sdk-bundle/NameConverter/ProviderClassNameConverterInterface.php">
      <metrics loc="10" ncloc="10" classes="0" methods="0" coveredmethods="0" conditionals="0" coveredconditionals="0" statements="0" coveredstatements="0" elements="0" coveredelements="0"/>
    </file>
    <package name="JsSdkBundle\Provider">
      <file name="/Volumes/LaCie/GitHub/_Bundles/js-sdk-bundle/Provider/BaseProvider.php">
        <class name="BaseProvider" namespace="JsSdkBundle\Provider">
          <metrics complexity="27" methods="15" coveredmethods="15" conditionals="0" coveredconditionals="0" statements="65" coveredstatements="65" elements="80" coveredelements="80"/>
        </class>
        <line num="32" type="method" name="__construct" visibility="public" complexity="1" crap="1" count="7"/>
        <line num="36" type="stmt" count="7"/>
        <line num="37" type="stmt" count="7"/>
        <line num="39" type="method" name="setTwigArgs" visibility="public" complexity="1" crap="1" count="7"/>
        <line num="41" type="stmt" count="7"/>
        <line num="42" type="stmt" count="7"/>
        <line num="44" type="method" name="getTwigArgs" visibility="public" complexity="1" crap="1" count="6"/>
        <line num="46" type="stmt" count="6"/>
        <line num="49" type="method" name="getConverter" visibility="public" complexity="2" crap="2" count="7"/>
        <line num="51" type="stmt" count="7"/>
        <line num="52" type="stmt" count="1"/>
        <line num="54" type="stmt" count="7"/>
        <line num="57" type="method" name="getPascalCaseBlock" visibility="public" complexity="1" crap="1" count="6"/>
        <line num="59" type="stmt" count="6"/>
        <line num="60" type="stmt" count="6"/>
        <line num="61" type="stmt" count="6"/>
        <line num="62" type="stmt" count="6"/>
        <line num="68" type="method" name="getBlockName" visibility="public" complexity="1" crap="1" count="6"/>
        <line num="70" type="stmt" count="6"/>
        <line num="76" type="method" name="getBlockPath" visibility="public" complexity="1" crap="1" count="6"/>
        <line num="78" type="stmt" count="6"/>
        <line num="81" type="method" name="getBlockTwigParams" visibility="public" complexity="2" crap="2" count="6"/>
        <line num="83" type="stmt" count="6"/>
        <line num="84" type="stmt" count="6"/>
        <line num="85" type="stmt" count="6"/>
        <line num="88" type="stmt" count="6"/>
        <line num="89" type="stmt" count="6"/>
        <line num="90" type="stmt" count="6"/>
        <line num="91" type="stmt" count="6"/>
        <line num="101" type="method" name="addScriptBlock" visibility="public" complexity="6" crap="6" count="6"/>
        <line num="103" type="stmt" count="6"/>
        <line num="104" type="stmt" count="6"/>
        <line num="105" type="stmt" count="1"/>
        <line num="107" type="stmt" count="6"/>
        <line num="108" type="stmt" count="6"/>
        <line num="109" type="stmt" count="3"/>
        <line num="110" type="stmt" count="3"/>
        <line num="111" type="stmt" count="3"/>
        <line num="112" type="stmt" count="3"/>
        <line num="114" type="stmt" count="3"/>
        <line num="118" type="stmt" count="6"/>
        <line num="119" type="stmt" count="6"/>
        <line num="120" type="stmt" count="6"/>
        <line num="121" type="stmt" count="6"/>
        <line num="124" type="stmt" count="6"/>
        <line num="127" type="method" name="removeScriptBlock" visibility="public" complexity="2" crap="2" count="1"/>
        <line num="129" type="stmt" count="1"/>
        <line num="130" type="stmt" count="1"/>
        <line num="132" type="stmt" count="1"/>
        <line num="134" type="method" name="setConverter" visibility="private" complexity="1" crap="1" count="1"/>
        <line num="136" type="stmt" count="1"/>
        <line num="137" type="stmt" count="1"/>
        <line num="139" type="method" name="renderSdk" visibility="public" complexity="3" crap="3" count="5"/>
        <line num="141" type="stmt" count="5"/>
        <line num="145" type="stmt" count="5"/>
        <line num="147" type="stmt" count="5"/>
        <line num="150" type="stmt" count="5"/>
        <line num="151" type="stmt" count="5"/>
        <line num="152" type="stmt" count="5"/>
        <line num="154" type="stmt" count="5"/>
        <line num="158" type="stmt" count="5"/>
        <line num="159" type="stmt" count="5"/>
        <line num="160" type="stmt" count="5"/>
        <line num="161" type="stmt" count="5"/>
        <line num="163" type="stmt" count="5"/>
        <line num="166" type="method" name="setScriptBlockTwigArgs" visibility="public" complexity="2" crap="2" count="1"/>
        <line num="171" type="stmt" count="1"/>
        <line num="172" type="stmt" count="1"/>
        <line num="173" type="stmt" count="1"/>
        <line num="174" type="stmt" count="1"/>
        <line num="177" type="stmt" count="1"/>
        <line num="179" type="method" name="getNewModel" visibility="public" complexity="1" crap="1" count="2"/>
        <line num="181" type="stmt" count="2"/>
        <line num="182" type="stmt" count="2"/>
        <line num="185" type="method" name="__clone" visibility="public" complexity="2" crap="2" count="1"/>
        <line num="187" type="stmt" count="1"/>
        <line num="188" type="stmt" count="1"/>
        <line num="189" type="stmt" count="1"/>
        <line num="191" type="stmt" count="1"/>
        <line num="192" type="stmt" count="1"/>
        <metrics loc="193" ncloc="163" classes="1" methods="15" coveredmethods="15" conditionals="0" coveredconditionals="0" statements="65" coveredstatements="65" elements="80" coveredelements="80"/>
      </file>
    </package>
    <file name="/Volumes/LaCie/GitHub/_Bundles/js-sdk-bundle/Provider/ProviderInterface.php">
      <metrics loc="77" ncloc="33" classes="0" methods="0" coveredmethods="0" conditionals="0" coveredconditionals="0" statements="0" coveredstatements="0" elements="0" coveredelements="0"/>
    </file>
    <package name="JsSdkBundle\Provider\Sdk">
      <file name="/Volumes/LaCie/GitHub/_Bundles/js-sdk-bundle/Provider/Sdk/GoogleAnalyticsProvider.php">
        <class name="GoogleAnalyticsProvider" namespace="JsSdkBundle\Provider\Sdk">
          <metrics complexity="2" methods="2" coveredmethods="0" conditionals="0" coveredconditionals="0" statements="10" coveredstatements="0" elements="12" coveredelements="0"/>
        </class>
        <line num="22" type="method" name="ecActions" visibility="public" complexity="1" crap="2" count="0"/>
        <line num="25" type="stmt" count="0"/>
        <line num="26" type="stmt" count="0"/>
        <line num="27" type="stmt" count="0"/>
        <line num="28" type="stmt" count="0"/>
        <line num="29" type="stmt" count="0"/>
        <line num="30" type="stmt" count="0"/>
        <line num="31" type="stmt" count="0"/>
        <line num="32" type="stmt" count="0"/>
        <line num="33" type="stmt" count="0"/>
        <line num="41" type="method" name="validateEcAction" visibility="public" complexity="1" crap="2" count="0"/>
        <line num="43" type="stmt" count="0"/>
        <metrics loc="45" ncloc="38" classes="1" methods="2" coveredmethods="0" conditionals="0" coveredconditionals="0" statements="10" coveredstatements="0" elements="12" coveredelements="0"/>
      </file>
    </package>
    <package name="JsSdkBundle\Renderer">
      <file name="/Volumes/LaCie/GitHub/_Bundles/js-sdk-bundle/Renderer/TwigParamsRenderer.php">
        <class name="TwigParamsRenderer" namespace="JsSdkBundle\Renderer">
          <metrics complexity="3" methods="2" coveredmethods="2" conditionals="0" coveredconditionals="0" statements="5" coveredstatements="5" elements="7" coveredelements="7"/>
        </class>
        <line num="14" type="method" name="setTwigEnvironment" visibility="public" complexity="1" crap="1" count="7"/>
        <line num="16" type="stmt" count="7"/>
        <line num="17" type="stmt" count="7"/>
        <line num="19" type="method" name="render" visibility="public" complexity="2" crap="2" count="6"/>
        <line num="22" type="stmt" count="6"/>
        <line num="23" type="stmt" count="1"/>
        <line num="24" type="stmt" count="1"/>
        <metrics loc="27" ncloc="24" classes="1" methods="2" coveredmethods="2" conditionals="0" coveredconditionals="0" statements="5" coveredstatements="5" elements="7" coveredelements="7"/>
      </file>
    </package>
    <file name="/Volumes/LaCie/GitHub/_Bundles/js-sdk-bundle/Resources/config/services.php">
      <line num="11" type="stmt" count="2"/>
      <line num="14" type="stmt" count="2"/>
      <line num="15" type="stmt" count="2"/>
      <line num="16" type="stmt" count="2"/>
      <line num="17" type="stmt" count="2"/>
      <line num="21" type="stmt" count="2"/>
      <line num="22" type="stmt" count="2"/>
      <line num="23" type="stmt" count="2"/>
      <line num="24" type="stmt" count="2"/>
      <line num="26" type="stmt" count="2"/>
      <metrics loc="26" ncloc="26" classes="0" methods="0" coveredmethods="0" conditionals="0" coveredconditionals="0" statements="10" coveredstatements="10" elements="10" coveredelements="10"/>
    </file>
    <package name="JsSdkBundle\Serializer\Normalizer">
      <file name="/Volumes/LaCie/GitHub/_Bundles/js-sdk-bundle/Serializer/Normalizer/ExcludeNullObjectNormalizer.php">
        <class name="ExcludeNullObjectNormalizer" namespace="JsSdkBundle\Serializer\Normalizer">
          <metrics complexity="2" methods="2" coveredmethods="2" conditionals="0" coveredconditionals="0" statements="3" coveredstatements="3" elements="5" coveredelements="5"/>
        </class>
        <line num="12" type="method" name="normalize" visibility="public" complexity="1" crap="1" count="2"/>
        <line num="14" type="stmt" count="2"/>
        <line num="16" type="method" name="anonymous function" complexity="1" crap="1" count="2"/>
        <line num="17" type="stmt" count="2"/>
        <line num="18" type="stmt" count="2"/>
        <metrics loc="20" ncloc="17" classes="1" methods="2" coveredmethods="2" conditionals="0" coveredconditionals="0" statements="3" coveredstatements="3" elements="5" coveredelements="5"/>
      </file>
    </package>
    <package name="JsSdkBundle\ServiceProvider">
      <file name="/Volumes/LaCie/GitHub/_Bundles/js-sdk-bundle/ServiceProvider/ServiceProvider.php">
        <class name="ServiceProvider" namespace="JsSdkBundle\ServiceProvider">
          <metrics complexity="4" methods="2" coveredmethods="2" conditionals="0" coveredconditionals="0" statements="3" coveredstatements="3" elements="5" coveredelements="5"/>
        </class>
        <line num="11" type="method" name="addProvider" visibility="public" complexity="2" crap="2" count="7"/>
        <line num="13" type="stmt" count="7"/>
        <line num="14" type="stmt" count="7"/>
        <line num="16" type="method" name="getProvider" visibility="public" complexity="2" crap="2" count="6"/>
        <line num="18" type="stmt" count="6"/>
        <metrics loc="20" ncloc="20" classes="1" methods="2" coveredmethods="2" conditionals="0" coveredconditionals="0" statements="3" coveredstatements="3" elements="5" coveredelements="5"/>
      </file>
    </package>
    <package name="JsSdkBundle\Twig\Extension">
      <file name="/Volumes/LaCie/GitHub/_Bundles/js-sdk-bundle/Twig/Extension/JsSdkExtension.php">
        <class name="JsSdkExtension" namespace="JsSdkBundle\Twig\Extension">
          <metrics complexity="8" methods="8" coveredmethods="8" conditionals="0" coveredconditionals="0" statements="30" coveredstatements="30" elements="38" coveredelements="38"/>
        </class>
        <line num="17" type="method" name="__construct" visibility="public" complexity="1" crap="1" count="7"/>
        <line num="23" type="stmt" count="7"/>
        <line num="24" type="stmt" count="7"/>
        <line num="25" type="stmt" count="7"/>
        <line num="27" type="method" name="getFunctions" visibility="public" complexity="1" crap="1" count="7"/>
        <line num="30" type="stmt" count="7"/>
        <line num="31" type="stmt" count="7"/>
        <line num="33" type="stmt" count="7"/>
        <line num="34" type="stmt" count="7"/>
        <line num="36" type="stmt" count="7"/>
        <line num="37" type="stmt" count="7"/>
        <line num="38" type="stmt" count="7"/>
        <line num="46" type="method" name="getProvider" visibility="private" complexity="1" crap="1" count="6"/>
        <line num="48" type="stmt" count="6"/>
        <line num="49" type="stmt" count="6"/>
        <line num="60" type="method" name="addBlock" visibility="public" complexity="1" crap="1" count="6"/>
        <line num="62" type="stmt" count="6"/>
        <line num="63" type="stmt" count="6"/>
        <line num="70" type="method" name="removeBlock" visibility="public" complexity="1" crap="1" count="1"/>
        <line num="72" type="stmt" count="1"/>
        <line num="73" type="stmt" count="1"/>
        <line num="74" type="stmt" count="1"/>
        <line num="81" type="method" name="output" visibility="public" complexity="1" crap="1" count="5"/>
        <line num="83" type="stmt" count="5"/>
        <line num="84" type="stmt" count="5"/>
        <line num="92" type="method" name="duplicate" visibility="public" complexity="1" crap="1" count="1"/>
        <line num="94" type="stmt" count="1"/>
        <line num="95" type="stmt" count="1"/>
        <line num="97" type="stmt" count="1"/>
        <line num="98" type="stmt" count="1"/>
        <line num="99" type="stmt" count="1"/>
        <line num="101" type="stmt" count="1"/>
        <line num="103" type="stmt" count="1"/>
        <line num="104" type="stmt" count="1"/>
        <line num="105" type="stmt" count="1"/>
        <line num="113" type="method" name="newModel" visibility="public" complexity="1" crap="1" count="2"/>
        <line num="115" type="stmt" count="2"/>
        <line num="116" type="stmt" count="2"/>
        <metrics loc="118" ncloc="83" classes="1" methods="8" coveredmethods="8" conditionals="0" coveredconditionals="0" statements="30" coveredstatements="30" elements="38" coveredelements="38"/>
      </file>
      <file name="/Volumes/LaCie/GitHub/_Bundles/js-sdk-bundle/Twig/Extension/SerializerExtension.php">
        <class name="SerializerExtension" namespace="JsSdkBundle\Twig\Extension">
          <metrics complexity="4" methods="4" coveredmethods="3" conditionals="0" coveredconditionals="0" statements="8" coveredstatements="7" elements="12" coveredelements="10"/>
        </class>
        <line num="17" type="method" name="__construct" visibility="public" complexity="1" crap="1" count="7"/>
        <line num="19" type="stmt" count="7"/>
        <line num="20" type="stmt" count="7"/>
        <line num="22" type="stmt" count="7"/>
        <line num="23" type="stmt" count="7"/>
        <line num="25" type="method" name="getFunctions" visibility="public" complexity="1" crap="1" count="7"/>
        <line num="28" type="stmt" count="7"/>
        <line num="29" type="stmt" count="7"/>
        <line num="33" type="method" name="serialize" visibility="public" complexity="1" crap="1" count="2"/>
        <line num="35" type="stmt" count="2"/>
        <line num="38" type="method" name="deserialize" visibility="public" complexity="1" crap="2" count="0"/>
        <line num="40" type="stmt" count="0"/>
        <metrics loc="42" ncloc="39" classes="1" methods="4" coveredmethods="3" conditionals="0" coveredconditionals="0" statements="8" coveredstatements="7" elements="12" coveredelements="10"/>
      </file>
    </package>
    <metrics files="19" loc="1029" ncloc="812" classes="12" methods="63" coveredmethods="53" conditionals="0" coveredconditionals="0" statements="227" coveredstatements="202" elements="290" coveredelements="255"/>
  </project>
</coverage>
